/home/jinsukim/miniconda3/envs/research-env/lib/python3.9/site-packages/torchvision/io/image.py:11: UserWarning: Failed to load image Python extension: /home/jinsukim/miniconda3/envs/research-env/lib/python3.9/site-packages/torchvision/image.so: undefined symbol: _ZNK3c1010TensorImpl36is_contiguous_nondefault_policy_implENS_12MemoryFormatE
  warn(f"Failed to load image Python extension: {e}")
############### device setup ###################
torch device avaliable :  True
torch current device :  0
torch device num :  4
train data : 11923, disrupt : 122, non-disrupt : 11801
valid data : 2541, disrupt : 31, non-disrupt : 2510
test data : 3329, disrupt : 39, non-disrupt : 3290

################# model summary #################

----------------------------------------------------------------------------
      Layer (type)              Input Shape         Param #     Tr. Param #
============================================================================
       Rearrange-1     [8, 21, 3, 256, 256]               0               0
          Linear-2        [8, 21, 256, 768]          98,432          98,432
         Dropout-3        [8, 21, 257, 128]               0               0
     Transformer-4          [168, 257, 128]       1,578,240       1,578,240
     Transformer-5             [8, 22, 128]       1,578,240       1,578,240
       LayerNorm-6                 [8, 128]             256             256
          Linear-7                 [8, 128]             258             258
============================================================================
Total params: 3,255,426
Trainable params: 3,255,426
Non-trainable params: 0
----------------------------------------------------------------------------

################# training process #################


training process:   0%|          | 0/128 [00:00<?, ?it/s]
training process:   0%|          | 0/128 [00:03<?, ?it/s]
Traceback (most recent call last):
  File "/home/jinsukim/codes_for_study/research-predict-disruption/train_vision_network.py", line 279, in <module>
    train_loss,  train_acc, train_f1, valid_loss, valid_acc, valid_f1 = train(
  File "/home/jinsukim/codes_for_study/research-predict-disruption/src/train.py", line 182, in train
    train_loss, train_acc, train_f1 = train_per_epoch(
  File "/home/jinsukim/codes_for_study/research-predict-disruption/src/train.py", line 55, in train_per_epoch
    loss.backward()
  File "/home/jinsukim/miniconda3/envs/research-env/lib/python3.9/site-packages/torch/_tensor.py", line 488, in backward
    torch.autograd.backward(
  File "/home/jinsukim/miniconda3/envs/research-env/lib/python3.9/site-packages/torch/autograd/__init__.py", line 197, in backward
    Variable._execution_engine.run_backward(  # Calls into the C++ engine to run the backward pass
torch.cuda.OutOfMemoryError: CUDA out of memory. Tried to allocate 340.00 MiB (GPU 0; 11.78 GiB total capacity; 4.39 GiB already allocated; 133.19 MiB free; 4.66 GiB reserved in total by PyTorch) If reserved memory is >> allocated memory try setting max_split_size_mb to avoid fragmentation.  See documentation for Memory Management and PYTORCH_CUDA_ALLOC_CONF
/home/jinsukim/miniconda3/envs/research-env/lib/python3.9/site-packages/torchvision/io/image.py:11: UserWarning: Failed to load image Python extension: /home/jinsukim/miniconda3/envs/research-env/lib/python3.9/site-packages/torchvision/image.so: undefined symbol: _ZNK3c1010TensorImpl36is_contiguous_nondefault_policy_implENS_12MemoryFormatE
  warn(f"Failed to load image Python extension: {e}")
############### device setup ###################
torch device avaliable :  True
torch current device :  0
torch device num :  4
train data : 11923, disrupt : 122, non-disrupt : 11801
valid data : 2541, disrupt : 31, non-disrupt : 2510
test data : 3329, disrupt : 39, non-disrupt : 3290

################# model summary #################

----------------------------------------------------------------------------
      Layer (type)              Input Shape         Param #     Tr. Param #
============================================================================
       Rearrange-1     [8, 21, 3, 128, 128]               0               0
          Linear-2         [8, 21, 64, 768]          98,432          98,432
         Dropout-3         [8, 21, 65, 128]               0               0
     Transformer-4           [168, 65, 128]       1,578,240       1,578,240
     Transformer-5             [8, 22, 128]       1,578,240       1,578,240
       LayerNorm-6                 [8, 128]             256             256
          Linear-7                 [8, 128]             258             258
============================================================================
Total params: 3,255,426
Trainable params: 3,255,426
Non-trainable params: 0
----------------------------------------------------------------------------

################# training process #################


training process:   0%|          | 0/128 [00:00<?, ?it/s]
training process:   1%|          | 1/128 [02:32<5:23:33, 152.86s/it]epoch : 1, train loss : 0.005, valid loss : 0.004, train acc : 0.762, valid acc : 0.797, train f1 : 0.748, valid f1 : 0.495

training process:   2%|▏         | 2/128 [04:34<4:41:56, 134.26s/it]
training process:   2%|▏         | 3/128 [06:39<4:31:32, 130.34s/it]
training process:   3%|▎         | 4/128 [08:47<4:27:22, 129.37s/it]
training process:   4%|▍         | 5/128 [10:52<4:22:01, 127.82s/it]epoch : 5, train loss : 0.001, valid loss : 0.001, train acc : 0.979, valid acc : 0.950, train f1 : 0.979, valid f1 : 0.650

training process:   5%|▍         | 6/128 [12:54<4:15:48, 125.81s/it]
training process:   5%|▌         | 7/128 [15:20<4:27:08, 132.47s/it]
training process:   6%|▋         | 8/128 [18:03<4:44:10, 142.08s/it]
training process:   7%|▋         | 9/128 [20:22<4:39:40, 141.01s/it]epoch : 9, train loss : 0.001, valid loss : 0.001, train acc : 0.981, valid acc : 0.963, train f1 : 0.981, valid f1 : 0.691

training process:   8%|▊         | 10/128 [22:45<4:38:57, 141.84s/it]
training process:   9%|▊         | 11/128 [25:06<4:35:39, 141.36s/it]
training process:   9%|▉         | 12/128 [27:21<4:30:02, 139.68s/it]
training process:  10%|█         | 13/128 [29:46<4:30:47, 141.28s/it]epoch : 13, train loss : 0.001, valid loss : 0.001, train acc : 0.982, valid acc : 0.948, train f1 : 0.982, valid f1 : 0.646

training process:  11%|█         | 14/128 [32:05<4:27:08, 140.60s/it]
training process:  12%|█▏        | 15/128 [34:29<4:26:25, 141.47s/it]
training process:  12%|█▎        | 16/128 [36:43<4:19:59, 139.28s/it]
training process:  13%|█▎        | 17/128 [39:10<4:21:49, 141.53s/it]epoch : 17, train loss : 0.001, valid loss : 0.001, train acc : 0.982, valid acc : 0.964, train f1 : 0.982, valid f1 : 0.689

training process:  14%|█▍        | 18/128 [41:09<4:07:20, 134.91s/it]
training process:  15%|█▍        | 19/128 [43:44<4:15:53, 140.86s/it]
training process:  16%|█▌        | 20/128 [46:07<4:14:39, 141.48s/it]
training process:  16%|█▋        | 21/128 [48:41<4:19:05, 145.28s/it]epoch : 21, train loss : 0.001, valid loss : 0.001, train acc : 0.980, valid acc : 0.959, train f1 : 0.980, valid f1 : 0.676

training process:  17%|█▋        | 22/128 [51:02<4:14:08, 143.85s/it]
training process:  18%|█▊        | 23/128 [53:28<4:13:14, 144.71s/it]
training process:  19%|█▉        | 24/128 [55:42<4:05:11, 141.46s/it]
training process:  20%|█▉        | 25/128 [57:47<3:54:15, 136.46s/it]epoch : 25, train loss : 0.000, valid loss : 0.001, train acc : 0.982, valid acc : 0.962, train f1 : 0.982, valid f1 : 0.686

training process:  20%|██        | 26/128 [1:00:30<4:05:32, 144.44s/it]
training process:  21%|██        | 27/128 [1:02:46<3:59:01, 141.99s/it]
training process:  22%|██▏       | 28/128 [1:05:07<3:56:05, 141.66s/it]
training process:  23%|██▎       | 29/128 [1:07:40<3:59:18, 145.03s/it]epoch : 29, train loss : 0.000, valid loss : 0.001, train acc : 0.982, valid acc : 0.967, train f1 : 0.982, valid f1 : 0.700

training process:  23%|██▎       | 30/128 [1:10:17<4:02:35, 148.52s/it]
training process:  24%|██▍       | 31/128 [1:12:50<4:02:28, 149.99s/it]
training process:  25%|██▌       | 32/128 [1:15:35<4:07:09, 154.47s/it]
training process:  26%|██▌       | 33/128 [1:18:15<4:07:12, 156.13s/it]epoch : 33, train loss : 0.001, valid loss : 0.001, train acc : 0.983, valid acc : 0.966, train f1 : 0.983, valid f1 : 0.699

training process:  27%|██▋       | 34/128 [1:20:14<3:46:50, 144.80s/it]
training process:  27%|██▋       | 35/128 [1:22:01<3:26:53, 133.47s/it]
training process:  28%|██▊       | 36/128 [1:23:48<3:12:53, 125.80s/it]
training process:  29%|██▉       | 37/128 [1:25:35<3:01:59, 120.00s/it]epoch : 37, train loss : 0.000, valid loss : 0.001, train acc : 0.985, valid acc : 0.962, train f1 : 0.985, valid f1 : 0.685

training process:  30%|██▉       | 38/128 [1:27:22<2:53:57, 115.97s/it]
training process:  30%|███       | 39/128 [1:29:08<2:47:51, 113.16s/it]
training process:  31%|███▏      | 40/128 [1:30:55<2:43:13, 111.29s/it]
training process:  32%|███▏      | 41/128 [1:32:42<2:39:28, 109.99s/it]epoch : 41, train loss : 0.001, valid loss : 0.001, train acc : 0.984, valid acc : 0.968, train f1 : 0.984, valid f1 : 0.707

training process:  33%|███▎      | 42/128 [1:34:29<2:36:10, 108.96s/it]
training process:  34%|███▎      | 43/128 [1:36:15<2:33:12, 108.15s/it]
training process:  34%|███▍      | 44/128 [1:38:01<2:30:27, 107.47s/it]
training process:  35%|███▌      | 45/128 [1:39:48<2:28:27, 107.32s/it]epoch : 45, train loss : 0.000, valid loss : 0.001, train acc : 0.986, valid acc : 0.966, train f1 : 0.986, valid f1 : 0.697

training process:  36%|███▌      | 46/128 [1:41:34<2:26:09, 106.95s/it]
training process:  37%|███▋      | 47/128 [1:43:21<2:24:26, 107.00s/it]
training process:  38%|███▊      | 48/128 [1:45:08<2:22:41, 107.02s/it]
training process:  38%|███▊      | 49/128 [1:46:55<2:20:49, 106.96s/it]epoch : 49, train loss : 0.001, valid loss : 0.001, train acc : 0.985, valid acc : 0.966, train f1 : 0.985, valid f1 : 0.701

training process:  39%|███▉      | 50/128 [1:48:41<2:18:49, 106.79s/it]
training process:  40%|███▉      | 51/128 [1:50:28<2:17:09, 106.87s/it]
training process:  41%|████      | 52/128 [1:52:15<2:15:17, 106.81s/it]
training process:  41%|████▏     | 53/128 [1:54:01<2:13:26, 106.75s/it]epoch : 53, train loss : 0.000, valid loss : 0.001, train acc : 0.987, valid acc : 0.968, train f1 : 0.987, valid f1 : 0.709

training process:  42%|████▏     | 54/128 [1:55:48<2:11:44, 106.82s/it]
training process:  43%|████▎     | 55/128 [1:57:35<2:09:50, 106.72s/it]
training process:  44%|████▍     | 56/128 [1:59:22<2:08:04, 106.73s/it]
training process:  45%|████▍     | 57/128 [2:01:08<2:06:04, 106.54s/it]epoch : 57, train loss : 0.000, valid loss : 0.001, train acc : 0.986, valid acc : 0.967, train f1 : 0.986, valid f1 : 0.700

training process:  45%|████▌     | 58/128 [2:02:55<2:04:27, 106.67s/it]
training process:  46%|████▌     | 59/128 [2:04:41<2:02:39, 106.66s/it]
training process:  47%|████▋     | 60/128 [2:06:28<2:00:55, 106.71s/it]
training process:  48%|████▊     | 61/128 [2:08:14<1:58:57, 106.54s/it]epoch : 61, train loss : 0.000, valid loss : 0.002, train acc : 0.987, valid acc : 0.966, train f1 : 0.987, valid f1 : 0.697

training process:  48%|████▊     | 62/128 [2:10:01<1:57:15, 106.60s/it]
training process:  49%|████▉     | 63/128 [2:11:47<1:55:13, 106.36s/it]
training process:  50%|█████     | 64/128 [2:13:34<1:53:34, 106.48s/it]
training process:  51%|█████     | 65/128 [2:15:20<1:51:43, 106.41s/it]epoch : 65, train loss : 0.000, valid loss : 0.001, train acc : 0.989, valid acc : 0.968, train f1 : 0.989, valid f1 : 0.709

training process:  52%|█████▏    | 66/128 [2:17:06<1:49:49, 106.28s/it]
training process:  52%|█████▏    | 67/128 [2:18:53<1:48:10, 106.40s/it]
training process:  53%|█████▎    | 68/128 [2:20:39<1:46:25, 106.43s/it]
training process:  54%|█████▍    | 69/128 [2:22:26<1:44:49, 106.60s/it]epoch : 69, train loss : 0.000, valid loss : 0.001, train acc : 0.987, valid acc : 0.969, train f1 : 0.987, valid f1 : 0.712

training process:  55%|█████▍    | 70/128 [2:24:12<1:42:52, 106.42s/it]
training process:  55%|█████▌    | 71/128 [2:25:59<1:41:06, 106.43s/it]
training process:  56%|█████▋    | 72/128 [2:27:45<1:39:26, 106.55s/it]
training process:  57%|█████▋    | 73/128 [2:29:31<1:37:28, 106.34s/it]epoch : 73, train loss : 0.001, valid loss : 0.001, train acc : 0.986, valid acc : 0.971, train f1 : 0.986, valid f1 : 0.722

training process:  58%|█████▊    | 74/128 [2:31:18<1:35:56, 106.60s/it]
training process:  59%|█████▊    | 75/128 [2:33:04<1:33:55, 106.34s/it]
training process:  59%|█████▉    | 76/128 [2:34:51<1:32:13, 106.41s/it]
training process:  60%|██████    | 77/128 [2:36:39<1:30:53, 106.94s/it]epoch : 77, train loss : 0.000, valid loss : 0.000, train acc : 0.989, valid acc : 0.977, train f1 : 0.989, valid f1 : 0.750

training process:  61%|██████    | 78/128 [2:38:25<1:28:54, 106.70s/it]
training process:  62%|██████▏   | 79/128 [2:40:12<1:27:06, 106.67s/it]
training process:  62%|██████▎   | 80/128 [2:41:58<1:25:19, 106.65s/it]
training process:  63%|██████▎   | 81/128 [2:43:46<1:23:43, 106.89s/it]epoch : 81, train loss : 0.000, valid loss : 0.001, train acc : 0.989, valid acc : 0.972, train f1 : 0.989, valid f1 : 0.724

training process:  64%|██████▍   | 82/128 [2:45:33<1:21:59, 106.95s/it]
training process:  65%|██████▍   | 83/128 [2:47:19<1:20:09, 106.88s/it]
training process:  66%|██████▌   | 84/128 [2:49:06<1:18:19, 106.80s/it]
training process:  66%|██████▋   | 85/128 [2:50:52<1:16:21, 106.55s/it]epoch : 85, train loss : 0.000, valid loss : 0.001, train acc : 0.986, valid acc : 0.969, train f1 : 0.986, valid f1 : 0.710

training process:  67%|██████▋   | 86/128 [2:52:38<1:14:24, 106.29s/it]
training process:  68%|██████▊   | 87/128 [2:54:25<1:12:50, 106.61s/it]
training process:  69%|██████▉   | 88/128 [2:56:11<1:10:59, 106.48s/it]
training process:  70%|██████▉   | 89/128 [2:57:58<1:09:15, 106.54s/it]epoch : 89, train loss : 0.001, valid loss : 0.001, train acc : 0.989, valid acc : 0.973, train f1 : 0.989, valid f1 : 0.732

training process:  70%|███████   | 90/128 [2:59:44<1:07:26, 106.48s/it]
training process:  71%|███████   | 91/128 [3:01:31<1:05:41, 106.53s/it]
training process:  72%|███████▏  | 92/128 [3:03:17<1:03:50, 106.41s/it]
training process:  73%|███████▎  | 93/128 [3:05:04<1:02:10, 106.59s/it]epoch : 93, train loss : 0.000, valid loss : 0.001, train acc : 0.989, valid acc : 0.967, train f1 : 0.989, valid f1 : 0.704

training process:  73%|███████▎  | 94/128 [3:06:51<1:00:30, 106.77s/it]
training process:  74%|███████▍  | 95/128 [3:08:38<58:40, 106.69s/it]  
training process:  75%|███████▌  | 96/128 [3:10:24<56:50, 106.59s/it]
training process:  76%|███████▌  | 97/128 [3:12:10<54:57, 106.38s/it]epoch : 97, train loss : 0.000, valid loss : 0.001, train acc : 0.989, valid acc : 0.973, train f1 : 0.989, valid f1 : 0.732

training process:  77%|███████▋  | 98/128 [3:13:56<53:09, 106.33s/it]
training process:  77%|███████▋  | 99/128 [3:15:43<51:24, 106.36s/it]
training process:  78%|███████▊  | 100/128 [3:17:30<49:44, 106.57s/it]
training process:  79%|███████▉  | 101/128 [3:19:16<47:58, 106.61s/it]epoch : 101, train loss : 0.000, valid loss : 0.002, train acc : 0.987, valid acc : 0.972, train f1 : 0.987, valid f1 : 0.724

training process:  80%|███████▉  | 102/128 [3:21:05<46:26, 107.16s/it]
training process:  80%|████████  | 103/128 [3:22:52<44:38, 107.14s/it]
training process:  81%|████████▏ | 104/128 [3:24:39<42:53, 107.24s/it]
training process:  82%|████████▏ | 105/128 [3:26:30<41:27, 108.13s/it]epoch : 105, train loss : 0.000, valid loss : 0.000, train acc : 0.986, valid acc : 0.985, train f1 : 0.986, valid f1 : 0.809

training process:  83%|████████▎ | 106/128 [3:28:25<40:28, 110.38s/it]
training process:  84%|████████▎ | 107/128 [3:30:23<39:24, 112.62s/it]
training process:  84%|████████▍ | 108/128 [3:32:21<38:04, 114.22s/it]
training process:  85%|████████▌ | 109/128 [3:34:36<38:09, 120.51s/it]epoch : 109, train loss : 0.000, valid loss : 0.001, train acc : 0.989, valid acc : 0.972, train f1 : 0.989, valid f1 : 0.726

training process:  86%|████████▌ | 110/128 [3:36:40<36:28, 121.59s/it]
training process:  87%|████████▋ | 111/128 [3:38:41<34:21, 121.27s/it]
training process:  88%|████████▊ | 112/128 [3:40:40<32:08, 120.54s/it]
training process:  88%|████████▊ | 113/128 [3:42:40<30:05, 120.34s/it]epoch : 113, train loss : 0.000, valid loss : 0.000, train acc : 0.989, valid acc : 0.983, train f1 : 0.989, valid f1 : 0.791

training process:  89%|████████▉ | 114/128 [3:44:39<28:02, 120.16s/it]
training process:  90%|████████▉ | 115/128 [3:46:39<25:59, 119.93s/it]
training process:  91%|█████████ | 116/128 [3:48:39<24:01, 120.11s/it]
training process:  91%|█████████▏| 117/128 [3:50:40<22:01, 120.15s/it]epoch : 117, train loss : 0.000, valid loss : 0.000, train acc : 0.989, valid acc : 0.982, train f1 : 0.989, valid f1 : 0.780

training process:  92%|█████████▏| 118/128 [3:52:37<19:54, 119.44s/it]
training process:  93%|█████████▎| 119/128 [3:54:37<17:54, 119.39s/it]
training process:  94%|█████████▍| 120/128 [3:56:35<15:51, 118.97s/it]
training process:  95%|█████████▍| 121/128 [3:58:34<13:53, 119.01s/it]epoch : 121, train loss : 0.000, valid loss : 0.001, train acc : 0.990, valid acc : 0.985, train f1 : 0.990, valid f1 : 0.799

training process:  95%|█████████▌| 122/128 [4:00:32<11:52, 118.80s/it]
training process:  96%|█████████▌| 123/128 [4:02:30<09:53, 118.65s/it]
training process:  97%|█████████▋| 124/128 [4:04:29<07:54, 118.57s/it]
training process:  98%|█████████▊| 125/128 [4:06:26<05:55, 118.35s/it]epoch : 125, train loss : 0.000, valid loss : 0.000, train acc : 0.987, valid acc : 0.979, train f1 : 0.987, valid f1 : 0.762

training process:  98%|█████████▊| 126/128 [4:08:24<03:56, 118.14s/it]
training process:  99%|█████████▉| 127/128 [4:10:23<01:58, 118.41s/it]
training process: 100%|██████████| 128/128 [4:12:22<00:00, 118.51s/it]
training process: 100%|██████████| 128/128 [4:12:22<00:00, 118.30s/it]
training process finished, best loss : 0.000 and best acc : 0.990, best f1 : 0.854, best epoch : 127

################# evaluation process #################

############### Classification Report ####################
              precision    recall  f1-score   support

           0       0.78      0.97      0.86        39
           1       1.00      1.00      1.00      3290

    accuracy                           1.00      3329
   macro avg       0.89      0.99      0.93      3329
weighted avg       1.00      1.00      1.00      3329


# test acc : 1.00, test f1 : 0.93, test AUC : 0.99, test loss : 0.038

  0%|          | 0/1296 [00:00<?, ?it/s]
  0%|          | 3/1296 [00:00<00:50, 25.66it/s]
  0%|          | 6/1296 [00:00<00:50, 25.47it/s]
  1%|          | 9/1296 [00:00<00:51, 24.83it/s]
  1%|          | 12/1296 [00:00<00:52, 24.31it/s]
  1%|          | 15/1296 [00:00<00:52, 24.23it/s]
  1%|▏         | 18/1296 [00:00<00:52, 24.12it/s]
  2%|▏         | 21/1296 [00:00<00:53, 24.02it/s]
  2%|▏         | 24/1296 [00:00<00:53, 23.78it/s]
  2%|▏         | 27/1296 [00:01<00:53, 23.70it/s]
  2%|▏         | 30/1296 [00:01<00:53, 23.60it/s]
  3%|▎         | 33/1296 [00:01<00:53, 23.48it/s]
  3%|▎         | 36/1296 [00:01<00:54, 23.09it/s]
  3%|▎         | 39/1296 [00:01<00:54, 23.16it/s]
  3%|▎         | 42/1296 [00:01<00:54, 23.02it/s]
  3%|▎         | 45/1296 [00:01<00:54, 22.95it/s]
  4%|▎         | 48/1296 [00:02<00:54, 23.09it/s]
  4%|▍         | 51/1296 [00:02<00:53, 23.18it/s]
  4%|▍         | 54/1296 [00:02<00:53, 23.21it/s]
  4%|▍         | 57/1296 [00:02<00:53, 23.17it/s]
  5%|▍         | 60/1296 [00:02<00:53, 23.23it/s]
  5%|▍         | 63/1296 [00:02<00:53, 23.18it/s]
  5%|▌         | 66/1296 [00:02<00:53, 23.15it/s]
  5%|▌         | 69/1296 [00:02<00:52, 23.20it/s]
  6%|▌         | 72/1296 [00:03<00:52, 23.19it/s]
  6%|▌         | 75/1296 [00:03<00:52, 23.21it/s]
  6%|▌         | 78/1296 [00:03<00:52, 22.99it/s]
  6%|▋         | 81/1296 [00:03<00:52, 23.08it/s]
  6%|▋         | 84/1296 [00:03<00:52, 23.16it/s]
  7%|▋         | 87/1296 [00:03<00:52, 23.03it/s]
  7%|▋         | 90/1296 [00:03<00:52, 23.15it/s]
  7%|▋         | 93/1296 [00:03<00:51, 23.26it/s]
  7%|▋         | 96/1296 [00:04<00:51, 23.33it/s]
  8%|▊         | 99/1296 [00:04<00:51, 23.44it/s]
  8%|▊         | 102/1296 [00:04<00:50, 23.51it/s]
  8%|▊         | 105/1296 [00:04<00:50, 23.44it/s]
  8%|▊         | 108/1296 [00:04<00:50, 23.62it/s]
  9%|▊         | 111/1296 [00:04<00:49, 23.75it/s]
  9%|▉         | 114/1296 [00:04<00:49, 23.81it/s]
  9%|▉         | 117/1296 [00:04<00:49, 23.88it/s]
  9%|▉         | 120/1296 [00:05<00:49, 23.68it/s]
  9%|▉         | 123/1296 [00:05<00:49, 23.81it/s]
 10%|▉         | 126/1296 [00:05<00:49, 23.68it/s]
 10%|▉         | 129/1296 [00:05<00:49, 23.81it/s]
 10%|█         | 132/1296 [00:05<00:48, 23.80it/s]
 10%|█         | 135/1296 [00:05<00:48, 23.92it/s]
 11%|█         | 138/1296 [00:05<00:48, 23.75it/s]
 11%|█         | 141/1296 [00:05<00:48, 23.84it/s]
 11%|█         | 144/1296 [00:06<00:48, 23.95it/s]
 11%|█▏        | 147/1296 [00:06<00:47, 24.04it/s]
 12%|█▏        | 150/1296 [00:06<00:48, 23.61it/s]
 12%|█▏        | 153/1296 [00:06<00:49, 23.00it/s]
 12%|█▏        | 156/1296 [00:06<00:49, 23.10it/s]
 12%|█▏        | 159/1296 [00:06<00:48, 23.38it/s]
 12%|█▎        | 162/1296 [00:06<00:47, 23.69it/s]
 13%|█▎        | 165/1296 [00:07<00:47, 23.90it/s]
 13%|█▎        | 168/1296 [00:07<00:46, 24.18it/s]
 13%|█▎        | 171/1296 [00:07<00:46, 24.25it/s]
 13%|█▎        | 174/1296 [00:07<00:46, 24.29it/s]
 14%|█▎        | 177/1296 [00:07<00:45, 24.35it/s]
 14%|█▍        | 180/1296 [00:07<00:45, 24.38it/s]
 14%|█▍        | 183/1296 [00:07<00:45, 24.40it/s]
 14%|█▍        | 186/1296 [00:07<00:45, 24.39it/s]
 15%|█▍        | 189/1296 [00:07<00:45, 24.39it/s]
 15%|█▍        | 192/1296 [00:08<00:45, 24.40it/s]
 15%|█▌        | 195/1296 [00:08<00:45, 24.46it/s]
 15%|█▌        | 198/1296 [00:08<00:45, 24.33it/s]
 16%|█▌        | 201/1296 [00:08<00:44, 24.34it/s]
 16%|█▌        | 204/1296 [00:08<00:44, 24.28it/s]
 16%|█▌        | 207/1296 [00:08<00:45, 24.13it/s]
 16%|█▌        | 210/1296 [00:08<00:45, 24.05it/s]
 16%|█▋        | 213/1296 [00:08<00:45, 23.98it/s]
 17%|█▋        | 216/1296 [00:09<00:45, 23.91it/s]
 17%|█▋        | 219/1296 [00:09<00:45, 23.83it/s]
 17%|█▋        | 222/1296 [00:09<00:45, 23.74it/s]
 17%|█▋        | 225/1296 [00:09<00:45, 23.77it/s]
 18%|█▊        | 228/1296 [00:09<00:45, 23.60it/s]
 18%|█▊        | 231/1296 [00:09<00:45, 23.63it/s]
 18%|█▊        | 234/1296 [00:09<00:44, 23.65it/s]
 18%|█▊        | 237/1296 [00:09<00:44, 23.76it/s]
 19%|█▊        | 240/1296 [00:10<00:44, 23.84it/s]
 19%|█▉        | 243/1296 [00:10<00:44, 23.87it/s]
 19%|█▉        | 246/1296 [00:10<00:43, 23.89it/s]
 19%|█▉        | 249/1296 [00:10<00:43, 23.91it/s]
 19%|█▉        | 252/1296 [00:10<00:43, 23.99it/s]
 20%|█▉        | 255/1296 [00:10<00:43, 24.08it/s]
 20%|█▉        | 258/1296 [00:10<00:43, 24.02it/s]
 20%|██        | 261/1296 [00:10<00:42, 24.12it/s]
 20%|██        | 264/1296 [00:11<00:42, 24.15it/s]
 21%|██        | 267/1296 [00:11<00:42, 24.19it/s]
 21%|██        | 270/1296 [00:11<00:42, 24.24it/s]
 21%|██        | 273/1296 [00:11<00:42, 24.30it/s]
 21%|██▏       | 276/1296 [00:11<00:41, 24.30it/s]
 22%|██▏       | 279/1296 [00:11<00:41, 24.27it/s]
 22%|██▏       | 282/1296 [00:11<00:41, 24.26it/s]
 22%|██▏       | 285/1296 [00:11<00:41, 24.25it/s]
 22%|██▏       | 288/1296 [00:12<00:41, 24.12it/s]
 22%|██▏       | 291/1296 [00:12<00:41, 24.14it/s]
 23%|██▎       | 294/1296 [00:12<00:41, 24.25it/s]
 23%|██▎       | 297/1296 [00:12<00:41, 24.30it/s]
 23%|██▎       | 300/1296 [00:12<00:40, 24.35it/s]
 23%|██▎       | 303/1296 [00:12<00:40, 24.34it/s]
 24%|██▎       | 306/1296 [00:12<00:40, 24.37it/s]
 24%|██▍       | 309/1296 [00:12<00:40, 24.37it/s]
 24%|██▍       | 312/1296 [00:13<00:40, 24.38it/s]
 24%|██▍       | 315/1296 [00:13<00:40, 24.39it/s]
 25%|██▍       | 318/1296 [00:13<00:40, 24.33it/s]
 25%|██▍       | 321/1296 [00:13<00:40, 24.37it/s]
 25%|██▌       | 324/1296 [00:13<00:39, 24.33it/s]
 25%|██▌       | 327/1296 [00:13<00:39, 24.36it/s]
 25%|██▌       | 330/1296 [00:13<00:39, 24.29it/s]
 26%|██▌       | 333/1296 [00:13<00:39, 24.20it/s]
 26%|██▌       | 336/1296 [00:14<00:39, 24.25it/s]
 26%|██▌       | 339/1296 [00:14<00:39, 24.32it/s]
 26%|██▋       | 342/1296 [00:14<00:39, 24.34it/s]
 27%|██▋       | 345/1296 [00:14<00:39, 24.32it/s]
 27%|██▋       | 348/1296 [00:14<00:38, 24.37it/s]
 27%|██▋       | 351/1296 [00:14<00:38, 24.38it/s]
 27%|██▋       | 354/1296 [00:14<00:38, 24.40it/s]
 28%|██▊       | 357/1296 [00:14<00:38, 24.40it/s]
 28%|██▊       | 360/1296 [00:15<00:38, 24.46it/s]
 28%|██▊       | 363/1296 [00:15<00:38, 24.46it/s]
 28%|██▊       | 366/1296 [00:15<00:37, 24.51it/s]
 28%|██▊       | 369/1296 [00:15<00:38, 24.30it/s]
 29%|██▊       | 372/1296 [00:15<00:38, 24.24it/s]
 29%|██▉       | 375/1296 [00:15<00:37, 24.30it/s]
 29%|██▉       | 378/1296 [00:15<00:37, 24.35it/s]
 29%|██▉       | 381/1296 [00:15<00:37, 24.42it/s]
 30%|██▉       | 384/1296 [00:16<00:37, 24.34it/s]
 30%|██▉       | 387/1296 [00:16<00:37, 24.30it/s]
 30%|███       | 390/1296 [00:16<00:37, 24.40it/s]
 30%|███       | 393/1296 [00:16<00:37, 24.40it/s]
 31%|███       | 396/1296 [00:16<00:36, 24.44it/s]
 31%|███       | 399/1296 [00:16<00:36, 24.46it/s]
 31%|███       | 402/1296 [00:16<00:36, 24.48it/s]
 31%|███▏      | 405/1296 [00:16<00:36, 24.39it/s]
 31%|███▏      | 408/1296 [00:17<00:36, 24.38it/s]
 32%|███▏      | 411/1296 [00:17<00:36, 24.26it/s]
 32%|███▏      | 414/1296 [00:17<00:36, 24.02it/s]
 32%|███▏      | 417/1296 [00:17<00:36, 24.02it/s]
 32%|███▏      | 420/1296 [00:17<00:36, 24.05it/s]
 33%|███▎      | 423/1296 [00:17<00:36, 24.07it/s]
 33%|███▎      | 426/1296 [00:17<00:36, 24.07it/s]
 33%|███▎      | 429/1296 [00:17<00:36, 24.08it/s]
 33%|███▎      | 432/1296 [00:18<00:35, 24.03it/s]
 34%|███▎      | 435/1296 [00:18<00:35, 24.08it/s]
 34%|███▍      | 438/1296 [00:18<00:35, 24.01it/s]
 34%|███▍      | 441/1296 [00:18<00:35, 24.02it/s]
 34%|███▍      | 444/1296 [00:18<00:35, 24.03it/s]
 34%|███▍      | 447/1296 [00:18<00:35, 24.06it/s]
 35%|███▍      | 450/1296 [00:18<00:35, 24.04it/s]
 35%|███▍      | 453/1296 [00:18<00:34, 24.10it/s]
 35%|███▌      | 456/1296 [00:19<00:34, 24.17it/s]
 35%|███▌      | 459/1296 [00:19<00:34, 24.19it/s]
 36%|███▌      | 462/1296 [00:19<00:34, 24.28it/s]
 36%|███▌      | 465/1296 [00:19<00:34, 24.21it/s]
 36%|███▌      | 468/1296 [00:19<00:34, 24.24it/s]
 36%|███▋      | 471/1296 [00:19<00:34, 24.26it/s]
 37%|███▋      | 474/1296 [00:19<00:33, 24.38it/s]
 37%|███▋      | 477/1296 [00:19<00:33, 24.35it/s]
 37%|███▋      | 480/1296 [00:20<00:33, 24.37it/s]
 37%|███▋      | 483/1296 [00:20<00:33, 24.38it/s]
 38%|███▊      | 486/1296 [00:20<00:33, 24.37it/s]
 38%|███▊      | 489/1296 [00:20<00:33, 24.45it/s]
 38%|███▊      | 492/1296 [00:20<00:32, 24.48it/s]
 38%|███▊      | 495/1296 [00:20<00:32, 24.52it/s]
 38%|███▊      | 498/1296 [00:20<00:32, 24.50it/s]
 39%|███▊      | 501/1296 [00:20<00:32, 24.54it/s]
 39%|███▉      | 504/1296 [00:20<00:32, 24.51it/s]
 39%|███▉      | 507/1296 [00:21<00:32, 24.53it/s]
 39%|███▉      | 510/1296 [00:21<00:32, 24.47it/s]
 40%|███▉      | 513/1296 [00:21<00:32, 24.42it/s]
 40%|███▉      | 516/1296 [00:21<00:32, 24.36it/s]
 40%|████      | 519/1296 [00:21<00:31, 24.30it/s]
 40%|████      | 522/1296 [00:21<00:31, 24.21it/s]
 41%|████      | 525/1296 [00:21<00:31, 24.11it/s]
 41%|████      | 528/1296 [00:21<00:31, 24.08it/s]
 41%|████      | 531/1296 [00:22<00:31, 24.02it/s]
 41%|████      | 534/1296 [00:22<00:31, 23.88it/s]
 41%|████▏     | 537/1296 [00:22<00:32, 23.67it/s]
 42%|████▏     | 540/1296 [00:22<00:31, 23.69it/s]
 42%|████▏     | 543/1296 [00:22<00:31, 23.74it/s]
 42%|████▏     | 546/1296 [00:22<00:31, 23.68it/s]
 42%|████▏     | 549/1296 [00:22<00:31, 23.72it/s]
 43%|████▎     | 552/1296 [00:23<00:31, 23.53it/s]
 43%|████▎     | 555/1296 [00:23<00:31, 23.54it/s]
 43%|████▎     | 558/1296 [00:23<00:31, 23.63it/s]
 43%|████▎     | 561/1296 [00:23<00:31, 23.68it/s]
 44%|████▎     | 564/1296 [00:23<00:30, 23.77it/s]
 44%|████▍     | 567/1296 [00:23<00:30, 23.80it/s]
 44%|████▍     | 570/1296 [00:23<00:30, 23.78it/s]
 44%|████▍     | 573/1296 [00:23<00:30, 23.84it/s]
 44%|████▍     | 576/1296 [00:24<00:30, 23.83it/s]
 45%|████▍     | 579/1296 [00:24<00:30, 23.89it/s]
 45%|████▍     | 582/1296 [00:24<00:29, 23.93it/s]
 45%|████▌     | 585/1296 [00:24<00:29, 23.93it/s]
 45%|████▌     | 588/1296 [00:24<00:29, 23.94it/s]
 46%|████▌     | 591/1296 [00:24<00:29, 23.92it/s]
 46%|████▌     | 594/1296 [00:24<00:29, 23.92it/s]
 46%|████▌     | 597/1296 [00:24<00:29, 23.93it/s]
 46%|████▋     | 600/1296 [00:25<00:29, 23.94it/s]
 47%|████▋     | 603/1296 [00:25<00:28, 23.99it/s]
 47%|████▋     | 606/1296 [00:25<00:28, 24.04it/s]
 47%|████▋     | 609/1296 [00:25<00:28, 24.08it/s]
 47%|████▋     | 612/1296 [00:25<00:28, 24.15it/s]
 47%|████▋     | 615/1296 [00:25<00:28, 24.13it/s]
 48%|████▊     | 618/1296 [00:25<00:28, 24.04it/s]
 48%|████▊     | 621/1296 [00:25<00:28, 23.98it/s]
 48%|████▊     | 624/1296 [00:26<00:27, 24.00it/s]
 48%|████▊     | 627/1296 [00:26<00:27, 23.92it/s]
 49%|████▊     | 630/1296 [00:26<00:27, 23.94it/s]
 49%|████▉     | 633/1296 [00:26<00:27, 23.90it/s]
 49%|████▉     | 636/1296 [00:26<00:27, 23.93it/s]
 49%|████▉     | 639/1296 [00:26<00:27, 24.05it/s]
 50%|████▉     | 642/1296 [00:26<00:27, 24.05it/s]
 50%|████▉     | 645/1296 [00:26<00:27, 24.01it/s]
 50%|█████     | 648/1296 [00:27<00:27, 23.99it/s]
 50%|█████     | 651/1296 [00:27<00:26, 24.04it/s]
 50%|█████     | 654/1296 [00:27<00:26, 24.05it/s]
 51%|█████     | 657/1296 [00:27<00:26, 24.07it/s]
 51%|█████     | 660/1296 [00:27<00:26, 24.09it/s]
 51%|█████     | 663/1296 [00:27<00:26, 24.07it/s]
 51%|█████▏    | 666/1296 [00:27<00:26, 24.05it/s]
 52%|█████▏    | 669/1296 [00:27<00:26, 24.01it/s]
 52%|█████▏    | 672/1296 [00:28<00:26, 23.90it/s]
 52%|█████▏    | 675/1296 [00:28<00:26, 23.87it/s]
 52%|█████▏    | 678/1296 [00:28<00:25, 23.81it/s]
 53%|█████▎    | 681/1296 [00:28<00:25, 23.86it/s]
 53%|█████▎    | 684/1296 [00:28<00:25, 23.91it/s]
 53%|█████▎    | 687/1296 [00:28<00:25, 23.82it/s]
 53%|█████▎    | 690/1296 [00:28<00:25, 23.86it/s]
 53%|█████▎    | 693/1296 [00:28<00:25, 23.80it/s]
 54%|█████▎    | 696/1296 [00:29<00:25, 23.82it/s]
 54%|█████▍    | 699/1296 [00:29<00:25, 23.83it/s]
 54%|█████▍    | 702/1296 [00:29<00:24, 23.82it/s]
 54%|█████▍    | 705/1296 [00:29<00:24, 23.82it/s]
 55%|█████▍    | 708/1296 [00:29<00:24, 23.84it/s]
 55%|█████▍    | 711/1296 [00:29<00:24, 23.83it/s]
 55%|█████▌    | 714/1296 [00:29<00:24, 23.91it/s]
 55%|█████▌    | 717/1296 [00:29<00:24, 23.86it/s]
 56%|█████▌    | 720/1296 [00:30<00:24, 23.92it/s]
 56%|█████▌    | 723/1296 [00:30<00:23, 23.97it/s]
 56%|█████▌    | 726/1296 [00:30<00:23, 23.99it/s]
 56%|█████▋    | 729/1296 [00:30<00:23, 23.99it/s]
 56%|█████▋    | 732/1296 [00:30<00:23, 23.97it/s]
 57%|█████▋    | 735/1296 [00:30<00:23, 24.00it/s]
 57%|█████▋    | 738/1296 [00:30<00:23, 23.95it/s]
 57%|█████▋    | 741/1296 [00:30<00:23, 23.95it/s]
 57%|█████▋    | 744/1296 [00:31<00:23, 23.97it/s]
 58%|█████▊    | 747/1296 [00:31<00:22, 23.97it/s]
 58%|█████▊    | 750/1296 [00:31<00:22, 23.94it/s]
 58%|█████▊    | 753/1296 [00:31<00:22, 24.07it/s]
 58%|█████▊    | 756/1296 [00:31<00:22, 24.09it/s]
 59%|█████▊    | 759/1296 [00:31<00:22, 24.07it/s]
 59%|█████▉    | 762/1296 [00:31<00:22, 24.10it/s]
 59%|█████▉    | 765/1296 [00:31<00:22, 24.07it/s]
 59%|█████▉    | 768/1296 [00:32<00:21, 24.10it/s]
 59%|█████▉    | 771/1296 [00:32<00:21, 24.06it/s]
 60%|█████▉    | 774/1296 [00:32<00:21, 23.93it/s]
 60%|█████▉    | 777/1296 [00:32<00:21, 23.93it/s]
 60%|██████    | 780/1296 [00:32<00:21, 23.82it/s]
 60%|██████    | 783/1296 [00:32<00:21, 23.91it/s]
 61%|██████    | 786/1296 [00:32<00:21, 23.92it/s]
 61%|██████    | 789/1296 [00:32<00:21, 23.87it/s]
 61%|██████    | 792/1296 [00:33<00:21, 23.96it/s]
 61%|██████▏   | 795/1296 [00:33<00:20, 23.92it/s]
 62%|██████▏   | 798/1296 [00:33<00:20, 23.85it/s]
 62%|██████▏   | 801/1296 [00:33<00:20, 23.88it/s]
 62%|██████▏   | 804/1296 [00:33<00:20, 23.88it/s]
 62%|██████▏   | 807/1296 [00:33<00:20, 23.91it/s]
 62%|██████▎   | 810/1296 [00:33<00:20, 23.90it/s]
 63%|██████▎   | 813/1296 [00:33<00:20, 23.84it/s]
 63%|██████▎   | 816/1296 [00:34<00:20, 23.90it/s]
 63%|██████▎   | 819/1296 [00:34<00:19, 24.04it/s]
 63%|██████▎   | 822/1296 [00:34<00:19, 24.06it/s]
 64%|██████▎   | 825/1296 [00:34<00:19, 24.12it/s]
 64%|██████▍   | 828/1296 [00:34<00:19, 24.09it/s]
 64%|██████▍   | 831/1296 [00:34<00:19, 24.19it/s]
 64%|██████▍   | 834/1296 [00:34<00:19, 24.08it/s]
 65%|██████▍   | 837/1296 [00:34<00:19, 24.15it/s]
 65%|██████▍   | 840/1296 [00:35<00:18, 24.41it/s]
 65%|██████▌   | 843/1296 [00:35<00:18, 24.40it/s]
 65%|██████▌   | 846/1296 [00:35<00:18, 24.49it/s]
 66%|██████▌   | 849/1296 [00:35<00:18, 24.50it/s]
 66%|██████▌   | 852/1296 [00:35<00:18, 24.52it/s]
 66%|██████▌   | 855/1296 [00:35<00:17, 24.56it/s]
 66%|██████▌   | 858/1296 [00:35<00:17, 24.53it/s]
 66%|██████▋   | 861/1296 [00:35<00:17, 24.47it/s]
 67%|██████▋   | 864/1296 [00:36<00:17, 24.26it/s]
 67%|██████▋   | 867/1296 [00:36<00:17, 24.34it/s]
 67%|██████▋   | 870/1296 [00:36<00:17, 24.44it/s]
 67%|██████▋   | 873/1296 [00:36<00:17, 24.57it/s]
 68%|██████▊   | 876/1296 [00:36<00:17, 24.63it/s]
 68%|██████▊   | 879/1296 [00:36<00:16, 24.63it/s]
 68%|██████▊   | 882/1296 [00:36<00:16, 24.68it/s]
 68%|██████▊   | 885/1296 [00:36<00:16, 24.74it/s]
 69%|██████▊   | 888/1296 [00:36<00:16, 24.79it/s]
 69%|██████▉   | 891/1296 [00:37<00:16, 24.59it/s]
 69%|██████▉   | 894/1296 [00:37<00:16, 24.45it/s]
 69%|██████▉   | 897/1296 [00:37<00:16, 24.43it/s]
 69%|██████▉   | 900/1296 [00:37<00:16, 24.55it/s]
 70%|██████▉   | 903/1296 [00:37<00:16, 24.43it/s]
 70%|██████▉   | 906/1296 [00:37<00:15, 24.49it/s]
 70%|███████   | 909/1296 [00:37<00:15, 24.50it/s]
 70%|███████   | 912/1296 [00:37<00:15, 24.51it/s]
 71%|███████   | 915/1296 [00:38<00:15, 24.52it/s]
 71%|███████   | 918/1296 [00:38<00:15, 24.58it/s]
 71%|███████   | 921/1296 [00:38<00:15, 24.61it/s]
 71%|███████▏  | 924/1296 [00:38<00:15, 24.65it/s]
 72%|███████▏  | 927/1296 [00:38<00:14, 24.66it/s]
 72%|███████▏  | 930/1296 [00:38<00:14, 24.62it/s]
 72%|███████▏  | 933/1296 [00:38<00:14, 24.62it/s]
 72%|███████▏  | 936/1296 [00:38<00:14, 24.73it/s]
 72%|███████▏  | 939/1296 [00:39<00:14, 24.75it/s]
 73%|███████▎  | 942/1296 [00:39<00:14, 24.81it/s]
 73%|███████▎  | 945/1296 [00:39<00:14, 24.85it/s]
 73%|███████▎  | 948/1296 [00:39<00:13, 24.88it/s]
 73%|███████▎  | 951/1296 [00:39<00:13, 24.79it/s]
 74%|███████▎  | 954/1296 [00:39<00:13, 24.75it/s]
 74%|███████▍  | 957/1296 [00:39<00:13, 24.71it/s]
 74%|███████▍  | 960/1296 [00:39<00:13, 24.74it/s]
 74%|███████▍  | 963/1296 [00:40<00:13, 24.80it/s]
 75%|███████▍  | 966/1296 [00:40<00:13, 24.81it/s]
 75%|███████▍  | 969/1296 [00:40<00:13, 24.80it/s]
 75%|███████▌  | 972/1296 [00:40<00:13, 24.84it/s]
 75%|███████▌  | 975/1296 [00:40<00:12, 24.83it/s]
 75%|███████▌  | 978/1296 [00:40<00:12, 24.75it/s]
 76%|███████▌  | 981/1296 [00:40<00:12, 24.79it/s]
 76%|███████▌  | 984/1296 [00:40<00:12, 24.79it/s]
 76%|███████▌  | 987/1296 [00:40<00:12, 24.66it/s]
 76%|███████▋  | 990/1296 [00:41<00:12, 24.68it/s]
 77%|███████▋  | 993/1296 [00:41<00:12, 24.77it/s]
 77%|███████▋  | 996/1296 [00:41<00:12, 24.78it/s]
 77%|███████▋  | 999/1296 [00:41<00:12, 24.71it/s]
 77%|███████▋  | 1002/1296 [00:41<00:11, 24.67it/s]
 78%|███████▊  | 1005/1296 [00:41<00:11, 24.72it/s]
 78%|███████▊  | 1008/1296 [00:41<00:11, 24.72it/s]
 78%|███████▊  | 1011/1296 [00:41<00:11, 24.74it/s]
 78%|███████▊  | 1014/1296 [00:42<00:11, 24.81it/s]
 78%|███████▊  | 1017/1296 [00:42<00:11, 24.77it/s]
 79%|███████▊  | 1020/1296 [00:42<00:11, 24.78it/s]
 79%|███████▉  | 1023/1296 [00:42<00:10, 24.83it/s]
 79%|███████▉  | 1026/1296 [00:42<00:10, 24.82it/s]
 79%|███████▉  | 1029/1296 [00:42<00:10, 24.77it/s]
 80%|███████▉  | 1032/1296 [00:42<00:10, 24.73it/s]
 80%|███████▉  | 1035/1296 [00:42<00:10, 24.67it/s]
 80%|████████  | 1038/1296 [00:43<00:10, 24.69it/s]
 80%|████████  | 1041/1296 [00:43<00:10, 24.77it/s]
 81%|████████  | 1044/1296 [00:43<00:10, 24.76it/s]
 81%|████████  | 1047/1296 [00:43<00:10, 24.54it/s]
 81%|████████  | 1050/1296 [00:43<00:10, 24.59it/s]
 81%|████████▏ | 1053/1296 [00:43<00:09, 24.58it/s]
 81%|████████▏ | 1056/1296 [00:43<00:09, 24.51it/s]
 82%|████████▏ | 1059/1296 [00:43<00:09, 24.50it/s]
 82%|████████▏ | 1062/1296 [00:44<00:09, 24.52it/s]
 82%|████████▏ | 1065/1296 [00:44<00:09, 24.54it/s]
 82%|████████▏ | 1068/1296 [00:44<00:09, 24.50it/s]
 83%|████████▎ | 1071/1296 [00:44<00:09, 24.53it/s]
 83%|████████▎ | 1074/1296 [00:44<00:09, 24.50it/s]
 83%|████████▎ | 1077/1296 [00:44<00:09, 24.16it/s]
 83%|████████▎ | 1080/1296 [00:44<00:08, 24.22it/s]
 84%|████████▎ | 1083/1296 [00:44<00:08, 24.22it/s]
 84%|████████▍ | 1086/1296 [00:45<00:08, 24.32it/s]
 84%|████████▍ | 1089/1296 [00:45<00:08, 24.28it/s]
 84%|████████▍ | 1092/1296 [00:45<00:08, 24.37it/s]
 84%|████████▍ | 1095/1296 [00:45<00:08, 24.52it/s]
 85%|████████▍ | 1098/1296 [00:45<00:07, 24.80it/s]
 85%|████████▍ | 1101/1296 [00:45<00:07, 25.07it/s]
 85%|████████▌ | 1104/1296 [00:45<00:07, 25.61it/s]
 85%|████████▌ | 1107/1296 [00:45<00:07, 26.11it/s]
 86%|████████▌ | 1110/1296 [00:45<00:07, 26.53it/s]
 86%|████████▌ | 1113/1296 [00:46<00:06, 27.07it/s]
 86%|████████▌ | 1116/1296 [00:46<00:06, 27.54it/s]
 86%|████████▋ | 1119/1296 [00:46<00:06, 27.98it/s]
 87%|████████▋ | 1122/1296 [00:46<00:06, 28.27it/s]
 87%|████████▋ | 1125/1296 [00:46<00:05, 28.50it/s]
 87%|████████▋ | 1128/1296 [00:46<00:05, 28.33it/s]
 87%|████████▋ | 1131/1296 [00:46<00:05, 28.45it/s]
 88%|████████▊ | 1134/1296 [00:46<00:05, 28.62it/s]
 88%|████████▊ | 1137/1296 [00:46<00:05, 28.71it/s]
 88%|████████▊ | 1140/1296 [00:46<00:05, 28.80it/s]
 88%|████████▊ | 1143/1296 [00:47<00:05, 28.81it/s]
 88%|████████▊ | 1146/1296 [00:47<00:05, 28.96it/s]
 89%|████████▊ | 1149/1296 [00:47<00:05, 28.84it/s]
 89%|████████▉ | 1152/1296 [00:47<00:04, 28.96it/s]
 89%|████████▉ | 1155/1296 [00:47<00:04, 28.98it/s]
 89%|████████▉ | 1158/1296 [00:47<00:04, 28.86it/s]
 90%|████████▉ | 1161/1296 [00:47<00:04, 28.80it/s]
 90%|████████▉ | 1164/1296 [00:47<00:04, 28.96it/s]
 90%|█████████ | 1167/1296 [00:47<00:04, 29.06it/s]
 90%|█████████ | 1170/1296 [00:48<00:04, 29.12it/s]
 91%|█████████ | 1173/1296 [00:48<00:04, 29.19it/s]
 91%|█████████ | 1176/1296 [00:48<00:04, 29.14it/s]
 91%|█████████ | 1179/1296 [00:48<00:04, 29.06it/s]
 91%|█████████ | 1182/1296 [00:48<00:03, 29.09it/s]
 91%|█████████▏| 1185/1296 [00:48<00:03, 29.15it/s]
 92%|█████████▏| 1188/1296 [00:48<00:03, 29.09it/s]
 92%|█████████▏| 1191/1296 [00:48<00:03, 29.13it/s]
 92%|█████████▏| 1194/1296 [00:48<00:03, 29.05it/s]
 92%|█████████▏| 1197/1296 [00:48<00:03, 29.14it/s]
 93%|█████████▎| 1200/1296 [00:49<00:03, 29.17it/s]
 93%|█████████▎| 1203/1296 [00:49<00:03, 29.25it/s]
 93%|█████████▎| 1206/1296 [00:49<00:03, 29.25it/s]
 93%|█████████▎| 1209/1296 [00:49<00:02, 29.32it/s]
 94%|█████████▎| 1212/1296 [00:49<00:02, 29.15it/s]
 94%|█████████▍| 1215/1296 [00:49<00:02, 29.23it/s]
 94%|█████████▍| 1218/1296 [00:49<00:02, 29.12it/s]
 94%|█████████▍| 1221/1296 [00:49<00:02, 28.85it/s]
 94%|█████████▍| 1224/1296 [00:49<00:02, 28.90it/s]
 95%|█████████▍| 1227/1296 [00:49<00:02, 28.91it/s]
 95%|█████████▍| 1230/1296 [00:50<00:02, 28.80it/s]
 95%|█████████▌| 1233/1296 [00:50<00:02, 28.90it/s]
 95%|█████████▌| 1236/1296 [00:50<00:02, 29.00it/s]
 96%|█████████▌| 1239/1296 [00:50<00:01, 29.13it/s]
 96%|█████████▌| 1242/1296 [00:50<00:01, 29.19it/s]
 96%|█████████▌| 1245/1296 [00:50<00:01, 29.14it/s]
 96%|█████████▋| 1248/1296 [00:50<00:01, 29.05it/s]
 97%|█████████▋| 1251/1296 [00:50<00:01, 29.11it/s]
 97%|█████████▋| 1254/1296 [00:50<00:01, 29.12it/s]
 97%|█████████▋| 1257/1296 [00:51<00:01, 29.22it/s]
 97%|█████████▋| 1260/1296 [00:51<00:01, 29.25it/s]
 97%|█████████▋| 1263/1296 [00:51<00:01, 29.32it/s]
 98%|█████████▊| 1266/1296 [00:51<00:01, 29.34it/s]
 98%|█████████▊| 1269/1296 [00:51<00:00, 29.33it/s]
 98%|█████████▊| 1272/1296 [00:51<00:00, 29.33it/s]
 98%|█████████▊| 1275/1296 [00:51<00:00, 29.18it/s]
 99%|█████████▊| 1278/1296 [00:51<00:00, 29.11it/s]
 99%|█████████▉| 1281/1296 [00:51<00:00, 29.01it/s]
 99%|█████████▉| 1284/1296 [00:51<00:00, 29.11it/s]
 99%|█████████▉| 1287/1296 [00:52<00:00, 29.12it/s]
100%|█████████▉| 1290/1296 [00:52<00:00, 29.17it/s]
100%|█████████▉| 1293/1296 [00:52<00:00, 29.24it/s]
100%|██████████| 1296/1296 [00:52<00:00, 29.26it/s]
100%|██████████| 1296/1296 [00:52<00:00, 24.76it/s]
time :  1317
prob :  1317
thermal quench :  5.342
current quench:  5.368
/home/jinsukim/miniconda3/envs/research-env/lib/python3.9/site-packages/torchvision/io/image.py:11: UserWarning: Failed to load image Python extension: /home/jinsukim/miniconda3/envs/research-env/lib/python3.9/site-packages/torchvision/image.so: undefined symbol: _ZNK3c1010TensorImpl36is_contiguous_nondefault_policy_implENS_12MemoryFormatE
  warn(f"Failed to load image Python extension: {e}")
############### device setup ###################
torch device avaliable :  True
torch current device :  0
torch device num :  4

extract the null data:   0%|          | 0/553 [00:00<?, ?it/s]
extract the null data:  12%|█▏        | 69/553 [00:00<00:00, 683.50it/s]
extract the null data:  25%|██▌       | 139/553 [00:00<00:00, 687.40it/s]
extract the null data:  38%|███▊      | 209/553 [00:00<00:00, 689.82it/s]
extract the null data:  50%|█████     | 279/553 [00:00<00:00, 691.95it/s]
extract the null data:  63%|██████▎   | 349/553 [00:00<00:00, 683.31it/s]
extract the null data:  76%|███████▌  | 418/553 [00:00<00:00, 677.59it/s]
extract the null data:  88%|████████▊ | 488/553 [00:00<00:00, 684.51it/s]
extract the null data: 100%|██████████| 553/553 [00:00<00:00, 685.50it/s]

replace nan value:   0%|          | 0/553 [00:00<?, ?it/s]
replace nan value:   5%|▍         | 26/553 [00:00<00:02, 252.67it/s]
replace nan value:   9%|▉         | 52/553 [00:00<00:02, 248.87it/s]
replace nan value:  14%|█▍        | 78/553 [00:00<00:01, 250.07it/s]
replace nan value:  19%|█▉        | 104/553 [00:00<00:01, 243.68it/s]
replace nan value:  23%|██▎       | 129/553 [00:00<00:01, 243.88it/s]
replace nan value:  28%|██▊       | 155/553 [00:00<00:01, 247.34it/s]
replace nan value:  33%|███▎      | 180/553 [00:00<00:01, 247.02it/s]
replace nan value:  37%|███▋      | 205/553 [00:00<00:01, 247.24it/s]
replace nan value:  42%|████▏     | 230/553 [00:00<00:01, 246.89it/s]
replace nan value:  46%|████▋     | 256/553 [00:01<00:01, 248.91it/s]
replace nan value:  51%|█████     | 282/553 [00:01<00:01, 251.50it/s]
replace nan value:  56%|█████▌    | 308/553 [00:01<00:00, 251.16it/s]
replace nan value:  60%|██████    | 334/553 [00:01<00:00, 251.73it/s]
replace nan value:  65%|██████▌   | 360/553 [00:01<00:00, 249.48it/s]
replace nan value:  70%|██████▉   | 386/553 [00:01<00:00, 251.72it/s]
replace nan value:  75%|███████▍  | 412/553 [00:01<00:00, 253.44it/s]
replace nan value:  79%|███████▉  | 438/553 [00:01<00:00, 252.62it/s]
replace nan value:  84%|████████▍ | 464/553 [00:01<00:00, 254.03it/s]
replace nan value:  89%|████████▊ | 490/553 [00:01<00:00, 250.84it/s]
replace nan value:  93%|█████████▎| 516/553 [00:02<00:00, 248.84it/s]
replace nan value:  98%|█████████▊| 541/553 [00:02<00:00, 248.60it/s]
replace nan value: 100%|██████████| 553/553 [00:02<00:00, 249.49it/s]

  0%|          | 0/553 [00:00<?, ?it/s]
  3%|▎         | 15/553 [00:00<00:03, 147.42it/s]
  6%|▌         | 33/553 [00:00<00:03, 159.88it/s]
  9%|▉         | 49/553 [00:00<00:03, 143.24it/s]
 12%|█▏        | 65/553 [00:00<00:03, 146.30it/s]
 15%|█▌        | 83/553 [00:00<00:03, 154.83it/s]
 18%|█▊        | 102/553 [00:00<00:02, 164.99it/s]
 22%|██▏       | 119/553 [00:00<00:02, 164.78it/s]
 26%|██▌       | 142/553 [00:00<00:02, 182.43it/s]
 29%|██▉       | 162/553 [00:00<00:02, 186.17it/s]
 33%|███▎      | 181/553 [00:01<00:02, 181.04it/s]
 36%|███▌      | 200/553 [00:01<00:01, 179.48it/s]
 39%|███▉      | 218/553 [00:01<00:01, 172.75it/s]
 43%|████▎     | 236/553 [00:01<00:01, 173.12it/s]
 46%|████▌     | 255/553 [00:01<00:01, 174.75it/s]
 49%|████▉     | 273/553 [00:01<00:01, 173.37it/s]
 53%|█████▎    | 291/553 [00:01<00:01, 168.03it/s]
 56%|█████▌    | 308/553 [00:01<00:01, 165.10it/s]
 59%|█████▉    | 325/553 [00:01<00:01, 160.76it/s]
 62%|██████▏   | 342/553 [00:02<00:01, 155.11it/s]
 65%|██████▍   | 358/553 [00:02<00:01, 154.71it/s]
 68%|██████▊   | 374/553 [00:02<00:01, 155.59it/s]
 71%|███████   | 390/553 [00:02<00:01, 147.76it/s]
 73%|███████▎  | 405/553 [00:02<00:01, 147.10it/s]
 76%|███████▌  | 420/553 [00:02<00:00, 146.99it/s]
 79%|███████▊  | 435/553 [00:02<00:00, 147.84it/s]
 82%|████████▏ | 455/553 [00:02<00:00, 161.76it/s]
 85%|████████▌ | 472/553 [00:02<00:00, 163.28it/s]
 88%|████████▊ | 489/553 [00:03<00:00, 153.32it/s]
 91%|█████████▏| 505/553 [00:03<00:00, 147.24it/s]
 94%|█████████▍| 521/553 [00:03<00:00, 149.56it/s]
 97%|█████████▋| 537/553 [00:03<00:00, 128.06it/s]
100%|█████████▉| 551/553 [00:03<00:00, 120.93it/s]
100%|██████████| 553/553 [00:03<00:00, 155.29it/s]

extract the null data:   0%|          | 0/139 [00:00<?, ?it/s]
extract the null data:  40%|████      | 56/139 [00:00<00:00, 559.85it/s]
extract the null data:  99%|█████████▊| 137/139 [00:00<00:00, 706.69it/s]
extract the null data: 100%|██████████| 139/139 [00:00<00:00, 685.35it/s]

replace nan value:   0%|          | 0/139 [00:00<?, ?it/s]
replace nan value:  21%|██        | 29/139 [00:00<00:00, 280.88it/s]
replace nan value:  42%|████▏     | 58/139 [00:00<00:00, 281.64it/s]
replace nan value:  63%|██████▎   | 87/139 [00:00<00:00, 282.00it/s]
replace nan value:  83%|████████▎ | 116/139 [00:00<00:00, 280.06it/s]
replace nan value: 100%|██████████| 139/139 [00:00<00:00, 280.23it/s]

  0%|          | 0/139 [00:00<?, ?it/s]
 12%|█▏        | 17/139 [00:00<00:00, 163.63it/s]
 24%|██▍       | 34/139 [00:00<00:00, 142.64it/s]
 38%|███▊      | 53/139 [00:00<00:00, 159.73it/s]
 50%|█████     | 70/139 [00:00<00:00, 161.44it/s]
 63%|██████▎   | 87/139 [00:00<00:00, 158.87it/s]
 74%|███████▍  | 103/139 [00:00<00:00, 156.23it/s]
 86%|████████▌ | 119/139 [00:00<00:00, 154.61it/s]
 99%|█████████▊| 137/139 [00:00<00:00, 162.25it/s]
100%|██████████| 139/139 [00:00<00:00, 158.50it/s]

extract the null data:   0%|          | 0/173 [00:00<?, ?it/s]
extract the null data:  26%|██▌       | 45/173 [00:00<00:00, 447.49it/s]
extract the null data:  73%|███████▎  | 126/173 [00:00<00:00, 655.83it/s]
extract the null data: 100%|██████████| 173/173 [00:00<00:00, 658.79it/s]

replace nan value:   0%|          | 0/173 [00:00<?, ?it/s]
replace nan value:  16%|█▌        | 28/173 [00:00<00:00, 274.27it/s]
replace nan value:  32%|███▏      | 56/173 [00:00<00:00, 273.67it/s]
replace nan value:  49%|████▉     | 85/173 [00:00<00:00, 276.76it/s]
replace nan value:  66%|██████▌   | 114/173 [00:00<00:00, 278.91it/s]
replace nan value:  82%|████████▏ | 142/173 [00:00<00:00, 278.06it/s]
replace nan value:  98%|█████████▊| 170/173 [00:00<00:00, 272.32it/s]
replace nan value: 100%|██████████| 173/173 [00:00<00:00, 273.67it/s]

  0%|          | 0/173 [00:00<?, ?it/s]
  9%|▊         | 15/173 [00:00<00:01, 136.62it/s]
 19%|█▉        | 33/173 [00:00<00:00, 159.29it/s]
 31%|███       | 54/173 [00:00<00:00, 181.29it/s]
 42%|████▏     | 73/173 [00:00<00:00, 180.93it/s]
 53%|█████▎    | 92/173 [00:00<00:00, 174.20it/s]
 64%|██████▎   | 110/173 [00:00<00:00, 168.59it/s]
 73%|███████▎  | 127/173 [00:00<00:00, 164.74it/s]
 84%|████████▍ | 146/173 [00:00<00:00, 168.78it/s]
 94%|█████████▍| 163/173 [00:00<00:00, 155.85it/s]
100%|██████████| 173/173 [00:01<00:00, 156.25it/s]
train data : 22947, disrupt : 1843, non-disrupt : 21104
valid data : 5558, disrupt : 459, non-disrupt : 5099
test data : 7124, disrupt : 571, non-disrupt : 6553

################# model summary #################

-----------------------------------------------------------------------------------
           Layer (type)                Input Shape         Param #     Tr. Param #
===================================================================================
           NoiseLayer-1                [2, 21, 12]               0               0
               Linear-2                [2, 21, 12]           1,664           1,664
   PositionalEncoding-3               [21, 2, 128]               0               0
   TransformerEncoder-4     [21, 2, 128], [21, 21]         793,088         793,088
               Linear-5                   [2, 128]          16,512          16,512
          BatchNorm1d-6                   [2, 128]             256             256
                 GELU-7                   [2, 128]               0               0
               Linear-8                   [2, 128]             258             258
===================================================================================
Total params: 811,778
Trainable params: 811,778
Non-trainable params: 0
Batch size: 2
-----------------------------------------------------------------------------------

################# training process #################


training process:   0%|          | 0/128 [00:00<?, ?it/s]
training process:   1%|          | 1/128 [01:01<2:10:44, 61.77s/it]epoch : 1, train loss : 0.036, valid loss : 0.044, train acc : 0.673, valid acc : 0.184, train f1 : 0.651, valid f1 : 0.183

training process:   2%|▏         | 2/128 [02:01<2:06:43, 60.35s/it]
training process:   2%|▏         | 3/128 [02:57<2:01:44, 58.44s/it]
training process:   3%|▎         | 4/128 [03:57<2:01:51, 58.96s/it]
training process:   4%|▍         | 5/128 [04:57<2:01:37, 59.33s/it]epoch : 5, train loss : 0.014, valid loss : 0.021, train acc : 0.832, valid acc : 0.679, train f1 : 0.827, valid f1 : 0.559

training process:   5%|▍         | 6/128 [05:53<1:58:51, 58.46s/it]
training process:   5%|▌         | 7/128 [06:46<1:54:04, 56.56s/it]training process:   6%|▋         | 8/128 [07:38<1:50:03, 55.03s/it]training process:   7%|▋         | 9/128 [08:30<1:47:40, 54.29s/it]epoch : 9, train loss : 0.009, valid loss : 0.017, train acc : 0.894, valid acc : 0.845, train f1 : 0.893, valid f1 : 0.701
training process:   8%|▊         | 10/128 [09:23<1:45:58, 53.89s/it]training process:   9%|▊         | 11/128 [10:16<1:44:23, 53.53s/it]training process:   9%|▉         | 12/128 [11:10<1:43:37, 53.60s/it]training process:  10%|█         | 13/128 [12:02<1:41:55, 53.18s/it]epoch : 13, train loss : 0.007, valid loss : 0.018, train acc : 0.925, valid acc : 0.871, train f1 : 0.924, valid f1 : 0.729
training process:  11%|█         | 14/128 [12:53<1:39:42, 52.48s/it]training process:  12%|█▏        | 15/128 [13:43<1:37:37, 51.84s/it]training process:  12%|█▎        | 16/128 [14:41<1:40:18, 53.73s/it]training process:  13%|█▎        | 17/128 [15:40<1:41:56, 55.11s/it]epoch : 17, train loss : 0.006, valid loss : 0.020, train acc : 0.940, valid acc : 0.899, train f1 : 0.940, valid f1 : 0.763
training process:  14%|█▍        | 18/128 [16:40<1:43:48, 56.62s/it]training process:  15%|█▍        | 19/128 [17:42<1:45:51, 58.27s/it]training process:  16%|█▌        | 20/128 [18:41<1:45:29, 58.60s/it]training process:  16%|█▋        | 21/128 [19:41<1:44:55, 58.83s/it]epoch : 21, train loss : 0.004, valid loss : 0.023, train acc : 0.955, valid acc : 0.894, train f1 : 0.955, valid f1 : 0.758
training process:  17%|█▋        | 22/128 [20:32<1:39:43, 56.44s/it]training process:  18%|█▊        | 23/128 [21:21<1:35:15, 54.43s/it]training process:  19%|█▉        | 24/128 [22:13<1:32:40, 53.46s/it]training process:  20%|█▉        | 25/128 [23:06<1:31:38, 53.38s/it]epoch : 25, train loss : 0.003, valid loss : 0.025, train acc : 0.965, valid acc : 0.912, train f1 : 0.965, valid f1 : 0.782
training process:  20%|██        | 26/128 [23:59<1:30:42, 53.36s/it]training process:  21%|██        | 27/128 [24:52<1:29:26, 53.13s/it]training process:  22%|██▏       | 28/128 [25:45<1:28:26, 53.07s/it]training process:  23%|██▎       | 29/128 [26:37<1:27:23, 52.96s/it]epoch : 29, train loss : 0.003, valid loss : 0.025, train acc : 0.973, valid acc : 0.918, train f1 : 0.973, valid f1 : 0.794
training process:  23%|██▎       | 30/128 [27:29<1:26:06, 52.72s/it]training process:  24%|██▍       | 31/128 [28:24<1:26:08, 53.28s/it]training process:  25%|██▌       | 32/128 [29:21<1:27:01, 54.40s/it]training process:  26%|██▌       | 33/128 [30:20<1:28:15, 55.74s/it]epoch : 33, train loss : 0.003, valid loss : 0.030, train acc : 0.975, valid acc : 0.915, train f1 : 0.975, valid f1 : 0.785
training process:  27%|██▋       | 34/128 [31:21<1:29:50, 57.35s/it]training process:  27%|██▋       | 35/128 [32:22<1:30:33, 58.43s/it]training process:  28%|██▊       | 36/128 [33:23<1:30:47, 59.21s/it]training process:  29%|██▉       | 37/128 [34:22<1:29:54, 59.28s/it]epoch : 37, train loss : 0.002, valid loss : 0.035, train acc : 0.981, valid acc : 0.933, train f1 : 0.981, valid f1 : 0.814
training process:  30%|██▉       | 38/128 [35:21<1:28:43, 59.15s/it]training process:  30%|███       | 39/128 [36:19<1:27:18, 58.86s/it]training process:  31%|███▏      | 40/128 [37:17<1:25:58, 58.62s/it]training process:  32%|███▏      | 41/128 [38:18<1:25:55, 59.26s/it]epoch : 41, train loss : 0.002, valid loss : 0.035, train acc : 0.983, valid acc : 0.941, train f1 : 0.983, valid f1 : 0.832
training process:  33%|███▎      | 42/128 [39:18<1:25:07, 59.39s/it]training process:  34%|███▎      | 43/128 [40:18<1:24:37, 59.73s/it]training process:  34%|███▍      | 44/128 [41:19<1:24:00, 60.00s/it]training process:  35%|███▌      | 45/128 [42:19<1:22:55, 59.94s/it]epoch : 45, train loss : 0.002, valid loss : 0.038, train acc : 0.986, valid acc : 0.926, train f1 : 0.986, valid f1 : 0.805
training process:  36%|███▌      | 46/128 [43:18<1:21:41, 59.78s/it]training process:  37%|███▋      | 47/128 [44:19<1:21:02, 60.04s/it]training process:  38%|███▊      | 48/128 [45:19<1:19:52, 59.91s/it]training process:  38%|███▊      | 49/128 [46:19<1:19:06, 60.08s/it]epoch : 49, train loss : 0.002, valid loss : 0.044, train acc : 0.987, valid acc : 0.946, train f1 : 0.987, valid f1 : 0.839
training process:  39%|███▉      | 50/128 [47:23<1:19:27, 61.13s/it]training process:  40%|███▉      | 51/128 [48:19<1:16:27, 59.57s/it]training process:  41%|████      | 52/128 [49:23<1:17:10, 60.93s/it]training process:  41%|████▏     | 53/128 [50:22<1:15:25, 60.34s/it]epoch : 53, train loss : 0.001, valid loss : 0.050, train acc : 0.989, valid acc : 0.949, train f1 : 0.989, valid f1 : 0.845
training process:  42%|████▏     | 54/128 [51:20<1:13:46, 59.82s/it]training process:  43%|████▎     | 55/128 [52:22<1:13:31, 60.43s/it]training process:  44%|████▍     | 56/128 [53:24<1:12:55, 60.77s/it]training process:  45%|████▍     | 57/128 [54:25<1:11:59, 60.84s/it]epoch : 57, train loss : 0.001, valid loss : 0.045, train acc : 0.992, valid acc : 0.934, train f1 : 0.992, valid f1 : 0.816
training process:  45%|████▌     | 58/128 [55:24<1:10:29, 60.42s/it]training process:  46%|████▌     | 59/128 [56:23<1:08:48, 59.83s/it]training process:  47%|████▋     | 60/128 [57:23<1:08:00, 60.01s/it]training process:  48%|████▊     | 61/128 [58:22<1:06:50, 59.85s/it]epoch : 61, train loss : 0.001, valid loss : 0.059, train acc : 0.991, valid acc : 0.947, train f1 : 0.991, valid f1 : 0.838
training process:  48%|████▊     | 62/128 [59:27<1:07:30, 61.38s/it]training process:  49%|████▉     | 63/128 [1:00:26<1:05:32, 60.50s/it]training process:  50%|█████     | 64/128 [1:01:27<1:04:39, 60.61s/it]training process:  51%|█████     | 65/128 [1:02:25<1:02:46, 59.79s/it]epoch : 65, train loss : 0.001, valid loss : 0.055, train acc : 0.992, valid acc : 0.951, train f1 : 0.992, valid f1 : 0.849
training process:  52%|█████▏    | 66/128 [1:03:26<1:02:09, 60.16s/it]training process:  52%|█████▏    | 67/128 [1:04:25<1:00:52, 59.87s/it]training process:  53%|█████▎    | 68/128 [1:05:27<1:00:27, 60.47s/it]training process:  54%|█████▍    | 69/128 [1:06:26<59:14, 60.25s/it]  epoch : 69, train loss : 0.001, valid loss : 0.054, train acc : 0.993, valid acc : 0.949, train f1 : 0.993, valid f1 : 0.846
training process:  55%|█████▍    | 70/128 [1:07:24<57:36, 59.60s/it]training process:  55%|█████▌    | 71/128 [1:08:24<56:44, 59.72s/it]training process:  56%|█████▋    | 72/128 [1:09:25<56:02, 60.04s/it]training process:  57%|█████▋    | 73/128 [1:10:24<54:38, 59.61s/it]epoch : 73, train loss : 0.001, valid loss : 0.063, train acc : 0.994, valid acc : 0.949, train f1 : 0.994, valid f1 : 0.846
training process:  58%|█████▊    | 74/128 [1:11:23<53:35, 59.54s/it]training process:  59%|█████▊    | 75/128 [1:12:24<52:59, 59.99s/it]training process:  59%|█████▉    | 76/128 [1:13:27<52:46, 60.89s/it]training process:  60%|██████    | 77/128 [1:14:29<51:53, 61.06s/it]epoch : 77, train loss : 0.001, valid loss : 0.068, train acc : 0.994, valid acc : 0.952, train f1 : 0.994, valid f1 : 0.851
training process:  61%|██████    | 78/128 [1:15:29<50:40, 60.82s/it]training process:  62%|██████▏   | 79/128 [1:16:26<48:51, 59.82s/it]training process:  62%|██████▎   | 80/128 [1:17:23<47:04, 58.84s/it]training process:  63%|██████▎   | 81/128 [1:18:20<45:39, 58.29s/it]epoch : 81, train loss : 0.001, valid loss : 0.065, train acc : 0.995, valid acc : 0.944, train f1 : 0.995, valid f1 : 0.834
training process:  64%|██████▍   | 82/128 [1:19:16<44:03, 57.46s/it]training process:  65%|██████▍   | 83/128 [1:20:08<42:03, 56.07s/it]training process:  66%|██████▌   | 84/128 [1:21:05<41:09, 56.13s/it]training process:  66%|██████▋   | 85/128 [1:22:07<41:36, 58.06s/it]epoch : 85, train loss : 0.001, valid loss : 0.074, train acc : 0.995, valid acc : 0.958, train f1 : 0.995, valid f1 : 0.863
training process:  67%|██████▋   | 86/128 [1:23:07<40:57, 58.51s/it]training process:  68%|██████▊   | 87/128 [1:24:06<40:12, 58.85s/it]training process:  69%|██████▉   | 88/128 [1:25:03<38:48, 58.21s/it]training process:  70%|██████▉   | 89/128 [1:25:59<37:23, 57.52s/it]epoch : 89, train loss : 0.001, valid loss : 0.077, train acc : 0.996, valid acc : 0.956, train f1 : 0.996, valid f1 : 0.861
training process:  70%|███████   | 90/128 [1:26:55<36:08, 57.06s/it]training process:  71%|███████   | 91/128 [1:27:50<34:47, 56.42s/it]training process:  72%|███████▏  | 92/128 [1:28:48<34:10, 56.95s/it]training process:  73%|███████▎  | 93/128 [1:29:44<32:57, 56.50s/it]epoch : 93, train loss : 0.001, valid loss : 0.074, train acc : 0.996, valid acc : 0.958, train f1 : 0.996, valid f1 : 0.864
training process:  73%|███████▎  | 94/128 [1:30:41<32:10, 56.79s/it]training process:  74%|███████▍  | 95/128 [1:31:41<31:45, 57.74s/it]training process:  75%|███████▌  | 96/128 [1:32:40<31:03, 58.23s/it]training process:  76%|███████▌  | 97/128 [1:33:40<30:14, 58.52s/it]epoch : 97, train loss : 0.000, valid loss : 0.074, train acc : 0.997, valid acc : 0.954, train f1 : 0.997, valid f1 : 0.859
training process:  77%|███████▋  | 98/128 [1:34:39<29:26, 58.89s/it]training process:  77%|███████▋  | 99/128 [1:35:39<28:32, 59.06s/it]training process:  78%|███████▊  | 100/128 [1:36:37<27:29, 58.92s/it]training process:  79%|███████▉  | 101/128 [1:37:39<26:56, 59.85s/it]epoch : 101, train loss : 0.000, valid loss : 0.078, train acc : 0.996, valid acc : 0.953, train f1 : 0.996, valid f1 : 0.855
training process:  80%|███████▉  | 102/128 [1:38:36<25:29, 58.83s/it]training process:  80%|████████  | 103/128 [1:39:36<24:39, 59.18s/it]training process:  81%|████████▏ | 104/128 [1:40:32<23:16, 58.21s/it]training process:  82%|████████▏ | 105/128 [1:41:32<22:29, 58.68s/it]epoch : 105, train loss : 0.000, valid loss : 0.083, train acc : 0.997, valid acc : 0.957, train f1 : 0.997, valid f1 : 0.863
training process:  83%|████████▎ | 106/128 [1:42:35<22:03, 60.15s/it]training process:  84%|████████▎ | 107/128 [1:43:31<20:35, 58.84s/it]training process:  84%|████████▍ | 108/128 [1:44:30<19:40, 59.03s/it]training process:  85%|████████▌ | 109/128 [1:45:35<19:15, 60.83s/it]epoch : 109, train loss : 0.001, valid loss : 0.090, train acc : 0.997, valid acc : 0.960, train f1 : 0.997, valid f1 : 0.866
training process:  86%|████████▌ | 110/128 [1:46:30<17:43, 59.06s/it]training process:  87%|████████▋ | 111/128 [1:47:34<17:09, 60.55s/it]training process:  88%|████████▊ | 112/128 [1:48:38<16:21, 61.36s/it]training process:  88%|████████▊ | 113/128 [1:49:41<15:29, 61.97s/it]epoch : 113, train loss : 0.000, valid loss : 0.095, train acc : 0.997, valid acc : 0.958, train f1 : 0.997, valid f1 : 0.863
training process:  89%|████████▉ | 114/128 [1:50:40<14:12, 60.92s/it]training process:  90%|████████▉ | 115/128 [1:51:35<12:50, 59.27s/it]training process:  91%|█████████ | 116/128 [1:52:35<11:53, 59.43s/it]training process:  91%|█████████▏| 117/128 [1:53:34<10:53, 59.37s/it]epoch : 117, train loss : 0.000, valid loss : 0.091, train acc : 0.998, valid acc : 0.957, train f1 : 0.998, valid f1 : 0.863
training process:  92%|█████████▏| 118/128 [1:54:32<09:50, 59.00s/it]training process:  93%|█████████▎| 119/128 [1:55:30<08:47, 58.66s/it]training process:  94%|█████████▍| 120/128 [1:56:24<07:37, 57.18s/it]training process:  95%|█████████▍| 121/128 [1:57:21<06:41, 57.35s/it]epoch : 121, train loss : 0.000, valid loss : 0.094, train acc : 0.997, valid acc : 0.958, train f1 : 0.997, valid f1 : 0.865
training process:  95%|█████████▌| 122/128 [1:58:25<05:56, 59.34s/it]training process:  96%|█████████▌| 123/128 [1:59:23<04:53, 58.69s/it]training process:  97%|█████████▋| 124/128 [2:00:21<03:54, 58.52s/it]training process:  98%|█████████▊| 125/128 [2:01:19<02:55, 58.41s/it]epoch : 125, train loss : 0.000, valid loss : 0.102, train acc : 0.998, valid acc : 0.957, train f1 : 0.998, valid f1 : 0.862
training process:  98%|█████████▊| 126/128 [2:02:25<02:01, 60.72s/it]training process:  99%|█████████▉| 127/128 [2:03:27<01:01, 61.26s/it]training process: 100%|██████████| 128/128 [2:04:29<00:00, 61.31s/it]training process: 100%|██████████| 128/128 [2:04:29<00:00, 58.35s/it]
training process finished, best loss : 0.095 and best acc : 0.961, best f1 : 0.871, best epoch : 115

################# evaluation process #################

############### Classification Report ####################
              precision    recall  f1-score   support

           0       0.80      0.81      0.80       571
           1       0.98      0.98      0.98      6553

    accuracy                           0.97      7124
   macro avg       0.89      0.90      0.89      7124
weighted avg       0.97      0.97      0.97      7124


# test acc : 0.97, test f1 : 0.89, test AUC : 0.90, test loss : 16.120

################# Feature Importance #################

processing for feature importance:   0%|          | 0/12 [00:00<?, ?it/s]processing for feature importance:   8%|▊         | 1/12 [00:08<01:33,  8.46s/it]processing for feature importance:  17%|█▋        | 2/12 [00:15<01:17,  7.72s/it]processing for feature importance:  25%|██▌       | 3/12 [00:22<01:07,  7.51s/it]processing for feature importance:  33%|███▎      | 4/12 [00:29<00:56,  7.04s/it]processing for feature importance:  42%|████▏     | 5/12 [00:36<00:49,  7.04s/it]processing for feature importance:  50%|█████     | 6/12 [00:42<00:41,  6.89s/it]processing for feature importance:  58%|█████▊    | 7/12 [00:50<00:35,  7.17s/it]processing for feature importance:  67%|██████▋   | 8/12 [00:58<00:28,  7.24s/it]processing for feature importance:  75%|███████▌  | 9/12 [01:06<00:22,  7.58s/it]processing for feature importance:  83%|████████▎ | 10/12 [01:13<00:15,  7.58s/it]processing for feature importance:  92%|█████████▏| 11/12 [01:21<00:07,  7.57s/it]processing for feature importance: 100%|██████████| 12/12 [01:29<00:00,  7.60s/it]processing for feature importance: 100%|██████████| 12/12 [01:29<00:00,  7.43s/it]
  0%|          | 0/306 [00:00<?, ?it/s] 10%|▉         | 30/306 [00:00<00:00, 292.53it/s] 20%|██        | 62/306 [00:00<00:00, 302.94it/s] 30%|███       | 93/306 [00:00<00:00, 300.73it/s] 41%|████      | 124/306 [00:00<00:00, 302.39it/s] 51%|█████     | 156/306 [00:00<00:00, 305.70it/s] 61%|██████    | 187/306 [00:00<00:00, 306.28it/s] 72%|███████▏  | 219/306 [00:00<00:00, 308.43it/s] 82%|████████▏ | 251/306 [00:00<00:00, 310.09it/s] 92%|█████████▏| 283/306 [00:00<00:00, 309.98it/s]100%|██████████| 306/306 [00:00<00:00, 306.98it/s]
time :  1308
prob :  1308
thermal quench :  5.342
current quench:  5.368
/home/jinsukim/miniconda3/envs/research-env/lib/python3.9/site-packages/torchvision/io/image.py:11: UserWarning: Failed to load image Python extension: /home/jinsukim/miniconda3/envs/research-env/lib/python3.9/site-packages/torchvision/image.so: undefined symbol: _ZNK3c1010TensorImpl36is_contiguous_nondefault_policy_implENS_12MemoryFormatE
  warn(f"Failed to load image Python extension: {e}")
/home/jinsukim/miniconda3/envs/research-env/lib/python3.9/site-packages/torchvision/io/image.py:11: UserWarning: Failed to load image Python extension: /home/jinsukim/miniconda3/envs/research-env/lib/python3.9/site-packages/torchvision/image.so: undefined symbol: _ZNK3c1010TensorImpl36is_contiguous_nondefault_policy_implENS_12MemoryFormatE
  warn(f"Failed to load image Python extension: {e}")
/home/jinsukim/miniconda3/envs/research-env/lib/python3.9/site-packages/torchvision/io/image.py:11: UserWarning: Failed to load image Python extension: /home/jinsukim/miniconda3/envs/research-env/lib/python3.9/site-packages/torchvision/image.so: undefined symbol: _ZNK3c1010TensorImpl36is_contiguous_nondefault_policy_implENS_12MemoryFormatE
  warn(f"Failed to load image Python extension: {e}")
############### device setup ###################
torch device avaliable :  True
torch current device :  0
torch device num :  4
extract the null data:   0%|          | 0/122 [00:00<?, ?it/s]extract the null data:  47%|████▋     | 57/122 [00:00<00:00, 567.72it/s]extract the null data:  96%|█████████▌| 117/122 [00:00<00:00, 580.37it/s]extract the null data: 100%|██████████| 122/122 [00:00<00:00, 579.49it/s]
# check | video data : 35989, 0D data : 35989
extract the null data:   0%|          | 0/31 [00:00<?, ?it/s]extract the null data: 100%|██████████| 31/31 [00:00<00:00, 660.25it/s]
# check | video data : 7675, 0D data : 7675
extract the null data:   0%|          | 0/39 [00:00<?, ?it/s]extract the null data: 100%|██████████| 39/39 [00:00<00:00, 653.55it/s]
############### device setup ###################
torch device avaliable :  True
torch current device :  0
torch device num :  4
extract the null data:   0%|          | 0/122 [00:00<?, ?it/s]extract the null data:  47%|████▋     | 57/122 [00:00<00:00, 560.54it/s]extract the null data:  95%|█████████▌| 116/122 [00:00<00:00, 572.10it/s]extract the null data: 100%|██████████| 122/122 [00:00<00:00, 566.95it/s]
# check | video data : 10060, 0D data : 10060
train data : 35989, disrupt : 485, non-disrupt : 35504
valid data : 7675, disrupt : 124, non-disrupt : 7551
test data : 10060, disrupt : 156, non-disrupt : 9904

################# model summary #################

-----------------------------------------------------------------------------------
             Layer (type)              Input Shape         Param #     Tr. Param #
===================================================================================
           ViViTEncoder-1     [8, 3, 21, 128, 128]       3,429,888       3,429,888
   TStransformerEncoder-2               [8, 21, 9]         992,640         992,640
                 Linear-3                 [8, 256]          32,896          32,896
            BatchNorm1d-4                 [8, 128]             256             256
                   ReLU-5                 [8, 128]               0               0
                 Linear-6                 [8, 128]             258             258
===================================================================================
Total params: 4,455,938
Trainable params: 4,455,938
Non-trainable params: 0
-----------------------------------------------------------------------------------

################# training process #################

training process:   0%|          | 0/128 [00:00<?, ?it/s]# check | video data : 35918, 0D data : 35918
extract the null data:   0%|          | 0/31 [00:00<?, ?it/s]extract the null data: 100%|██████████| 31/31 [00:00<00:00, 588.05it/s]
# check | video data : 7657, 0D data : 7657
extract the null data:   0%|          | 0/39 [00:00<?, ?it/s]extract the null data: 100%|██████████| 39/39 [00:00<00:00, 551.64it/s]
# check | video data : 10040, 0D data : 10040
train data : 35918, disrupt : 486, non-disrupt : 35432
valid data : 7657, disrupt : 124, non-disrupt : 7533
test data : 10040, disrupt : 156, non-disrupt : 9884

################# model summary #################

-----------------------------------------------------------------------------------
             Layer (type)              Input Shape         Param #     Tr. Param #
===================================================================================
           ViViTEncoder-1     [8, 3, 21, 128, 128]       3,429,888       3,429,888
   TStransformerEncoder-2               [8, 21, 9]         992,640         992,640
                 Linear-3                 [8, 256]          32,896          32,896
            BatchNorm1d-4                 [8, 128]             256             256
                   ReLU-5                 [8, 128]               0               0
                 Linear-6                 [8, 128]             258             258
===================================================================================
Total params: 4,455,938
Trainable params: 4,455,938
Non-trainable params: 0
-----------------------------------------------------------------------------------

################# training process #################

training process:   0%|          | 0/128 [00:00<?, ?it/s]